<?xml version="1.0" encoding="UTF-8"?>
<!-- Generated by org.testng.reporters.JUnitReportReporter -->
<testsuite hostname="abc-PC" failures="0" tests="2" name="tests.Testing2" time="0.000" errors="0" timestamp="05 Dec 2020 17:30:21 GMT" skipped="0">
  <testcase classname="tests.Testing2" name="test5" time="0.000"/>
  <testcase classname="tests.Testing2" name="test4" time="0.000"/>
</testsuite> <!-- tests.Testing2 -->
