<?xml version="1.0" encoding="UTF-8"?>
<!-- Generated by org.testng.reporters.JUnitReportReporter -->
<testsuite hostname="abc-PC" failures="0" tests="5" name="tests.Testing1" time="0.007" errors="0" timestamp="05 Dec 2020 17:30:21 GMT" skipped="0">
  <testcase classname="tests.Testing1" name="test1" time="0.002"/>
  <testcase classname="tests.Testing1" name="test2" time="0.000"/>
  <testcase classname="tests.Testing1" name="test3" time="0.001"/>
  <testcase classname="tests.Testing1" name="testdp" time="0.002"/>
  <testcase classname="tests.Testing1" name="testdp" time="0.002"/>
</testsuite> <!-- tests.Testing1 -->
