<?xml version="1.0" encoding="UTF-8"?>
<!-- Generated by org.testng.reporters.JUnitReportReporter -->
<testsuite hostname="abc-PC" failures="0" tests="1" name="tests.AppTest" time="0.181" errors="0" timestamp="05 Dec 2020 17:30:24 GMT" skipped="0">
  <testcase classname="tests.AppTest" name="shouldAnswerWithTrue" time="0.181"/>
</testsuite> <!-- tests.AppTest -->
