<?xml version="1.0" encoding="UTF-8"?>
<!-- Generated by org.testng.reporters.JUnitReportReporter -->
<testsuite hostname="abc-PC" failures="0" tests="5" name="tests.Testing1" time="0.031" errors="0" timestamp="05 Dec 2020 17:17:56 GMT" skipped="0">
  <testcase classname="tests.Testing1" name="test2" time="0.006"/>
  <testcase classname="tests.Testing1" name="test3" time="0.009"/>
  <testcase classname="tests.Testing1" name="testdp" time="0.004"/>
  <testcase classname="tests.Testing1" name="test1" time="0.005"/>
  <testcase classname="tests.Testing1" name="testdp" time="0.007"/>
</testsuite> <!-- tests.Testing1 -->
